# JRE version: OpenJDK Runtime Environment (8.0_242-b08) (build 1.8.0_242-b08)
# Java VM: OpenJDK 64-Bit Server VM (25.242-b08 mixed mode windows-amd64 compressed oops)
Heap:
 PSYoungGen      total 75264K, used 43282K [0x000000076c100000, 0x0000000775400000, 0x00000007c0000000)
  eden space 64512K, 50% used [0x000000076c100000,0x000000076e0c61c8,0x0000000770000000)
  from space 10752K, 99% used [0x0000000770a80000,0x00000007714fe640,0x0000000771500000)
  to   space 10752K, 0% used [0x0000000770000000,0x0000000770000000,0x0000000770a80000)
 ParOldGen       total 172032K, used 3208K [0x00000006c4200000, 0x00000006cea00000, 0x000000076c100000)
  object space 172032K, 1% used [0x00000006c4200000,0x00000006c4522038,0x00000006cea00000)
 Metaspace       used 16665K, capacity 16954K, committed 17408K, reserved 1064960K
  class space    used 1838K, capacity 1947K, committed 2048K, reserved 1048576K
GC Heap History (4 events):
Event: 1.347 GC heap before
{Heap before GC invocations=1 (full 0):
 PSYoungGen      total 75264K, used 64512K [0x000000076c100000, 0x0000000771500000, 0x00000007c0000000)
  eden space 64512K, 100% used [0x000000076c100000,0x0000000770000000,0x0000000770000000)
  from space 10752K, 0% used [0x0000000770a80000,0x0000000770a80000,0x0000000771500000)
  to   space 10752K, 0% used [0x0000000770000000,0x0000000770000000,0x0000000770a80000)
 ParOldGen       total 172032K, used 0K [0x00000006c4200000, 0x00000006cea00000, 0x000000076c100000)
  object space 172032K, 0% used [0x00000006c4200000,0x00000006c4200000,0x00000006cea00000)
 Metaspace       used 12493K, capacity 12674K, committed 12928K, reserved 1060864K
  class space    used 1427K, capacity 1541K, committed 1664K, reserved 1048576K
Event: 1.356 GC heap after
Heap after GC invocations=1 (full 0):
 PSYoungGen      total 75264K, used 10430K [0x000000076c100000, 0x0000000771500000, 0x00000007c0000000)
  eden space 64512K, 0% used [0x000000076c100000,0x000000076c100000,0x0000000770000000)
  from space 10752K, 97% used [0x0000000770000000,0x0000000770a2f868,0x0000000770a80000)
  to   space 10752K, 0% used [0x0000000770a80000,0x0000000770a80000,0x0000000771500000)
 ParOldGen       total 172032K, used 16K [0x00000006c4200000, 0x00000006cea00000, 0x000000076c100000)
  object space 172032K, 0% used [0x00000006c4200000,0x00000006c4204000,0x00000006cea00000)
 Metaspace       used 12493K, capacity 12674K, committed 12928K, reserved 1060864K
  class space    used 1427K, capacity 1541K, committed 1664K, reserved 1048576K
}
Event: 2.309 GC heap before
{Heap before GC invocations=2 (full 0):
 PSYoungGen      total 75264K, used 74942K [0x000000076c100000, 0x0000000771500000, 0x00000007c0000000)
  eden space 64512K, 100% used [0x000000076c100000,0x0000000770000000,0x0000000770000000)
  from space 10752K, 97% used [0x0000000770000000,0x0000000770a2f868,0x0000000770a80000)
  to   space 10752K, 0% used [0x0000000770a80000,0x0000000770a80000,0x0000000771500000)
 ParOldGen       total 172032K, used 16K [0x00000006c4200000, 0x00000006cea00000, 0x000000076c100000)
  object space 172032K, 0% used [0x00000006c4200000,0x00000006c4204000,0x00000006cea00000)
 Metaspace       used 16288K, capacity 16532K, committed 16768K, reserved 1064960K
  class space    used 1821K, capacity 1914K, committed 1920K, reserved 1048576K
Event: 2.324 GC heap after
Heap after GC invocations=2 (full 0):
 PSYoungGen      total 75264K, used 10745K [0x000000076c100000, 0x0000000775400000, 0x00000007c0000000)
  eden space 64512K, 0% used [0x000000076c100000,0x000000076c100000,0x0000000770000000)
  from space 10752K, 99% used [0x0000000770a80000,0x00000007714fe640,0x0000000771500000)
  to   space 10752K, 0% used [0x0000000770000000,0x0000000770000000,0x0000000770a80000)
 ParOldGen       total 172032K, used 3208K [0x00000006c4200000, 0x00000006cea00000, 0x000000076c100000)
  object space 172032K, 1% used [0x00000006c4200000,0x00000006c4522038,0x00000006cea00000)
 Metaspace       used 16288K, capacity 16532K, committed 16768K, reserved 1064960K
  class space    used 1821K, capacity 1914K, committed 1920K, reserved 1048576K
}

